#
# There is insufficient memory for the Java Runtime Environment to continue.
# Native memory allocation (mmap) failed to map 264241152 bytes for Failed to commit area from 0x0000000704a00000 to 0x0000000714600000 of length 264241152.
# Possible reasons:
#   The system is out of physical RAM or swap space
#   The process is running with CompressedOops enabled, and the Java Heap may be blocking the growth of the native heap
# Possible solutions:
#   Reduce memory load on the system
#   Increase physical memory or swap space
#   Check if swap backing store is full
#   Decrease Java heap size (-Xmx/-Xms)
#   Decrease number of Java threads
#   Decrease Java thread stack sizes (-Xss)
#   Set larger code cache with -XX:ReservedCodeCacheSize=
# This output file may be truncated or incomplete.
#
#  Out of Memory Error (./src/hotspot/os/windows/os_windows.cpp:3311), pid=17804, tid=19984
#
# JRE version:  (11.0.12+7) (build )
# Java VM: OpenJDK 64-Bit Server VM (11.0.12+7-LTS, mixed mode, sharing, tiered, compressed oops, g1 gc, windows-amd64)
# No core dump will be written. Minidumps are not enabled by default on client versions of Windows
#

---------------  S U M M A R Y ------------

Command Line: -Dfile.encoding=Cp1252 Exercise06

Host: Intel(R) Core(TM) i7-3520M CPU @ 2.90GHz, 4 cores, 15G,  Windows 10 , 64 bit Build 19041 (10.0.19041.1348)
Time: Mon Nov 22 22:33:51 2021 Eastern Standard Time elapsed time: 0.019315 seconds (0d 0h 0m 0s)

---------------  T H R E A D  ---------------

Current thread (0x00000196f5aaa800):  JavaThread "Unknown thread" [_thread_in_vm, id=19984, stack(0x00000046ce400000,0x00000046ce500000)]

Stack: [0x00000046ce400000,0x00000046ce500000]
Native frames: (J=compiled Java code, j=interpreted, Vv=VM code, C=native code)
V  [jvm.dll+0x601d7a]
V  [jvm.dll+0x78b45e]
V  [jvm.dll+0x78cb2f]
V  [jvm.dll+0x78d1f3]
V  [jvm.dll+0x24bc58]
V  [jvm.dll+0x5fef1a]
V  [jvm.dll+0x5f39d5]
V  [jvm.dll+0x3038fc]
V  [jvm.dll+0x303782]
V  [jvm.dll+0x3084a6]
V  [jvm.dll+0x34d5ff]
V  [jvm.dll+0x34d030]
V  [jvm.dll+0x2e0a08]
V  [jvm.dll+0x2e1b66]
V  [jvm.dll+0x7667e7]
V  [jvm.dll+0x767f6f]
V  [jvm.dll+0x35a389]
V  [jvm.dll+0x749870]
V  [jvm.dll+0x3c1fbf]
V  [jvm.dll+0x3c4491]
C  [jli.dll+0x5207]
C  [ucrtbase.dll+0x21bb2]
C  [KERNEL32.DLL+0x17034]
C  [ntdll.dll+0x52651]


---------------  P R O C E S S  ---------------

Threads class SMR info:
_java_thread_list=0x00000196f4114600, length=0, elements={
}

Java Threads: ( => current thread )

Other Threads:
  0x00000196f5ac3000 GCTaskThread "GC Thread#0" [stack: 0x00000046ce500000,0x00000046ce600000] [id=20044]
  0x00000196f5b1c800 ConcurrentGCThread "G1 Main Marker" [stack: 0x00000046ce600000,0x00000046ce700000] [id=8908]
  0x00000196f5b1f800 ConcurrentGCThread "G1 Conc#0" [stack: 0x00000046ce700000,0x00000046ce800000] [id=9728]

[error occurred during error reporting (printing all threads), id 0xc0000005, EXCEPTION_ACCESS_VIOLATION (0xc0000005) at pc=0x00007fff5ed800d7]

VM state:not at safepoint (not fully initialized)

VM Mutex/Monitor currently owned by a thread:  ([mutex/lock_event])
[0x00000196f5aa7990] Heap_lock - owner thread: 0x00000196f5aaa800

Heap address: 0x0000000704a00000, size: 4022 MB, Compressed Oops mode: Non-zero based: 0x0000000704a00000
Narrow klass base: 0x0000000000000000, Narrow klass shift: 0

GC Heap History (0 events):
No events

Deoptimization events (0 events):
No events

Classes redefined (0 events):
No events

Internal exceptions (0 events):
No events

Events (1 events):
Event: 0.010 Loaded shared library C:\Program Files\Amazon Corretto\jdk11.0.12_7\bin\zip.dll


Dynamic libraries:
0x00007ff7b4ea0000 - 0x00007ff7b4ead000 	C:\Program Files\Amazon Corretto\jdk11.0.12_7\bin\javaw.exe
0x00007fffae990000 - 0x00007fffaeb85000 	C:\WINDOWS\SYSTEM32\ntdll.dll
0x00007fffae770000 - 0x00007fffae82e000 	C:\WINDOWS\System32\KERNEL32.DLL
0x00007fffac0b0000 - 0x00007fffac378000 	C:\WINDOWS\System32\KERNELBASE.dll
0x00007fffac380000 - 0x00007fffac480000 	C:\WINDOWS\System32\ucrtbase.dll
0x00007fff99b60000 - 0x00007fff99b77000 	C:\Program Files\Amazon Corretto\jdk11.0.12_7\bin\jli.dll
0x00007fffae1b0000 - 0x00007fffae351000 	C:\WINDOWS\System32\USER32.dll
0x00007fffac520000 - 0x00007fffac542000 	C:\WINDOWS\System32\win32u.dll
0x00007fffae6d0000 - 0x00007fffae6fb000 	C:\WINDOWS\System32\GDI32.dll
0x00007fffac690000 - 0x00007fffac79b000 	C:\WINDOWS\System32\gdi32full.dll
0x00007fffac480000 - 0x00007fffac51d000 	C:\WINDOWS\System32\msvcp_win.dll
0x00007fff9a700000 - 0x00007fff9a719000 	C:\Program Files\Amazon Corretto\jdk11.0.12_7\bin\VCRUNTIME140.dll
0x00007fff99840000 - 0x00007fff99ada000 	C:\WINDOWS\WinSxS\amd64_microsoft.windows.common-controls_6595b64144ccf1df_6.0.19041.1110_none_60b5254171f9507e\COMCTL32.dll
0x00007fffadc90000 - 0x00007fffadd2e000 	C:\WINDOWS\System32\msvcrt.dll
0x00007fffacc00000 - 0x00007fffacc30000 	C:\WINDOWS\System32\IMM32.DLL
0x00007fff81bb0000 - 0x00007fff81c4b000 	C:\Program Files\Amazon Corretto\jdk11.0.12_7\bin\msvcp140.dll
0x00007fff5ea90000 - 0x00007fff5f5ea000 	C:\Program Files\Amazon Corretto\jdk11.0.12_7\bin\server\jvm.dll
0x00007fffad100000 - 0x00007fffad1ac000 	C:\WINDOWS\System32\ADVAPI32.dll
0x00007fffad060000 - 0x00007fffad0fb000 	C:\WINDOWS\System32\sechost.dll
0x00007fffae3c0000 - 0x00007fffae4ea000 	C:\WINDOWS\System32\RPCRT4.dll
0x00007fffae700000 - 0x00007fffae708000 	C:\WINDOWS\System32\PSAPI.DLL
0x00007fff90a60000 - 0x00007fff90a69000 	C:\WINDOWS\SYSTEM32\WSOCK32.dll
0x00007fffad210000 - 0x00007fffad27b000 	C:\WINDOWS\System32\WS2_32.dll
0x00007fff9e960000 - 0x00007fff9e987000 	C:\WINDOWS\SYSTEM32\WINMM.dll
0x00007fff97fc0000 - 0x00007fff97fca000 	C:\WINDOWS\SYSTEM32\VERSION.dll
0x00007fffa9ed0000 - 0x00007fffa9ee2000 	C:\WINDOWS\SYSTEM32\kernel.appcore.dll
0x00007fffa6b70000 - 0x00007fffa6b80000 	C:\Program Files\Amazon Corretto\jdk11.0.12_7\bin\verify.dll
0x00007fffa4600000 - 0x00007fffa47e4000 	C:\WINDOWS\SYSTEM32\DBGHELP.DLL
0x00007fffa3f00000 - 0x00007fffa3f2c000 	C:\WINDOWS\SYSTEM32\dbgcore.DLL
0x00007fffac7f0000 - 0x00007fffac873000 	C:\WINDOWS\System32\bcryptPrimitives.dll
0x00007fff8bda0000 - 0x00007fff8bdc8000 	C:\Program Files\Amazon Corretto\jdk11.0.12_7\bin\java.dll
0x00007fffa67d0000 - 0x00007fffa67da000 	C:\Program Files\Amazon Corretto\jdk11.0.12_7\bin\jimage.dll
0x00007fff997b0000 - 0x00007fff997c7000 	C:\Program Files\Amazon Corretto\jdk11.0.12_7\bin\zip.dll

dbghelp: loaded successfully - version: 4.0.5 - missing functions: none
symbol engine: initialized successfully - sym options: 0x614 - pdb path: .;C:\Program Files\Amazon Corretto\jdk11.0.12_7\bin;C:\WINDOWS\SYSTEM32;C:\WINDOWS\WinSxS\amd64_microsoft.windows.common-controls_6595b64144ccf1df_6.0.19041.1110_none_60b5254171f9507e;C:\Program Files\Amazon Corretto\jdk11.0.12_7\bin\server

VM Arguments:
jvm_args: -Dfile.encoding=Cp1252 
java_command: Exercise06
java_class_path (initial): C:\CST8116 Homework\CST8116 Eclipse Workspace\Ex06\bin
Launcher Type: SUN_STANDARD

[Global flags]
     intx CICompilerCount                          = 3                                         {product} {ergonomic}
     uint ConcGCThreads                            = 1                                         {product} {ergonomic}
     uint G1ConcRefinementThreads                  = 4                                         {product} {ergonomic}
   size_t G1HeapRegionSize                         = 1048576                                   {product} {ergonomic}
    uintx GCDrainStackTargetSize                   = 64                                        {product} {ergonomic}
   size_t InitialHeapSize                          = 264241152                                 {product} {ergonomic}
   size_t MarkStackSize                            = 4194304                                   {product} {ergonomic}
   size_t MaxHeapSize                              = 4217372672                                {product} {ergonomic}
   size_t MinHeapDeltaBytes                        = 1048576                                   {product} {ergonomic}
    uintx NonNMethodCodeHeapSize                   = 5830732                                {pd product} {ergonomic}
    uintx NonProfiledCodeHeapSize                  = 122913754                              {pd product} {ergonomic}
    uintx ProfiledCodeHeapSize                     = 122913754                              {pd product} {ergonomic}
    uintx ReservedCodeCacheSize                    = 251658240                              {pd product} {ergonomic}
     bool SegmentedCodeCache                       = true                                      {product} {ergonomic}
     bool UseCompressedClassPointers               = true                                 {lp64_product} {ergonomic}
     bool UseCompressedOops                        = true                                 {lp64_product} {ergonomic}
     bool UseG1GC                                  = true                                      {product} {ergonomic}
     bool UseLargePagesIndividualAllocation        = false                                  {pd product} {ergonomic}

Logging:
Log output configuration:
 #0: stdout all=warning uptime,level,tags
 #1: stderr all=off uptime,level,tags

Environment Variables:
JAVA_HOME=C:\Program Files\Amazon Corretto\jdk11.0.12_7
PATH=C:/Users/mohdk/.p2/pool/plugins/org.eclipse.justj.openjdk.hotspot.jre.full.win32.x86_64_16.0.2.v20210721-1149/jre/bin/server;C:/Users/mohdk/.p2/pool/plugins/org.eclipse.justj.openjdk.hotspot.jre.full.win32.x86_64_16.0.2.v20210721-1149/jre/bin;C:\Program Files\Amazon Corretto\jdk11.0.12_7\bin;"C:\Program Files\Amazon Corretto\jdk11.0.12_7\bin;";C:\WINDOWS;C:\WINDOWS\System32\Wbem;C:\WINDOWS\System32\WindowsPowerShell\v1.0\;C:\WINDOWS\System32\OpenSSH\;C:\Program Files\Microsoft SQL Server\Client SDK\ODBC\170\Tools\Binn\;C:\Program Files (x86)\Microsoft SQL Server\150\Tools\Binn\;C:\Program Files\Microsoft SQL Server\150\Tools\Binn\;C:\Program Files\Microsoft SQL Server\150\DTS\Binn\;C:\Program Files\Intel\WiFi\bin\;C:\Program Files\Common Files\Intel\WirelessCommon\;C:\Program Files\Microsoft VS Code\bin;C:\Program Files\Git\cmd;C:\Users\mohdk\miniconda3;C:\Users\mohdk\miniconda3\Library\mingw-w64\bin;C:\Users\mohdk\miniconda3\Library\usr\bin;C:\Users\mohdk\miniconda3\Library\bin;C:\Users\mohdk\miniconda3\Scripts;C:\Users\mohdk\AppData\Local\Microsoft\WindowsApps;;C:\Users\mohdk\AppData\Local\Programs\Microsoft VS Code\bin;C:\Program Files\Intel\WiFi\bin\;C:\Program Files\Common Files\Intel\WirelessCommon\;C:\WINDOWS\System32;
USERNAME=mohdk
OS=Windows_NT
PROCESSOR_IDENTIFIER=Intel64 Family 6 Model 58 Stepping 9, GenuineIntel



---------------  S Y S T E M  ---------------

OS: Windows 10 , 64 bit Build 19041 (10.0.19041.1348)
OS uptime: 12 days 17:32 hours

CPU:total 4 (initial active 4) (2 cores per cpu, 2 threads per core) family 6 model 58 stepping 9 microcode 0x21, cmov, cx8, fxsr, mmx, sse, sse2, sse3, ssse3, sse4.1, sse4.2, popcnt, avx, aes, clmul, erms, ht, tsc, tscinvbit, tscinv

Memory: 4k page, system-wide physical 16080M (7874M free)
TotalPageFile size 37355M (AvailPageFile size 103M)
current process WorkingSet (physical memory assigned to process): 9M, peak: 9M
current process commit charge ("private bytes"): 52M, peak: 304M

vm_info: OpenJDK 64-Bit Server VM (11.0.12+7-LTS) for windows-amd64 JRE (11.0.12+7-LTS), built on Jul 13 2021 17:58:36 by "Administrator" with unknown MS VC++:1916

END.
