#
# A fatal error has been detected by the Java Runtime Environment:
#
#  SIGSEGV (0xb) at pc=0x0000000108a3aaac, pid=29914, tid=24067
#
# JRE version: OpenJDK Runtime Environment Corretto-11.0.14.9.1 (11.0.14+9) (build 11.0.14+9-LTS)
# Java VM: OpenJDK 64-Bit Server VM Corretto-11.0.14.9.1 (11.0.14+9-LTS, mixed mode, tiered, compressed oops, g1 gc, bsd-amd64)
# Problematic frame:
# C  [libjimage.dylib+0x2aac]  _ZN12ImageStrings4findEP6EndianPKcPij+0x52
#
# No core dump will be written. Core dumps have been disabled. To enable core dumping, try "ulimit -c unlimited" before starting Java again
#
# If you would like to submit a bug report, please visit:
#   https://github.com/corretto/corretto-11/issues/
#

---------------  S U M M A R Y ------------

Command Line: -agentlib:jdwp=transport=dt_socket,suspend=y,address=localhost:52691 -javaagent:/Users/moekaloty/eclipse/java-2021-123/Eclipse.app/Contents/Eclipse/configuration/org.eclipse.osgi/215/0/.cp/lib/javaagent-shaded.jar -Dfile.encoding=UTF-8 AllActionTest

Host: MacBookAir10,1 x86_64 2400 MHz, 8 cores, 8G, Darwin 21.3.0
Time: Sun Mar  6 16:13:05 2022 EST elapsed time: 974.806657 seconds (0d 0h 16m 14s)

---------------  T H R E A D  ---------------

Current thread (0x00007fbf9c810800):  JavaThread "Signal Dispatcher" daemon [_thread_in_vm, id=24067, stack(0x0000000305583000,0x0000000305683000)]

Stack: [0x0000000305583000,0x0000000305683000],  sp=0x0000000305681330,  free space=1016k
Native frames: (J=compiled Java code, A=aot compiled Java code, j=interpreted, Vv=VM code, C=native code)
C  [libjimage.dylib+0x2aac]  _ZN12ImageStrings4findEP6EndianPKcPij+0x52
C  [libjimage.dylib+0x3738]  _ZNK15ImageFileReader19find_location_indexEPKcPy+0x3e
C  [libjimage.dylib+0x3981]  JIMAGE_FindResource+0xd8
V  [libjvm.dylib+0x20a58b]  _ZN19ClassPathImageEntry11open_streamEPKcP6Thread+0x45
V  [libjvm.dylib+0x20ca13]  _ZN11ClassLoader10load_classEP6SymbolbP6Thread+0x149
V  [libjvm.dylib+0x75a984]  _ZN16SystemDictionary19load_instance_classEP6Symbol6HandleP6Thread+0x31a
V  [libjvm.dylib+0x759aea]  _ZN16SystemDictionary30resolve_instance_class_or_nullEP6Symbol6HandleS2_P6Thread+0x52c
V